samples/SearchAndFindSample/build/intermediates/manifest_merge_blame_file/debug/manifest-merger-blame-debug-report.txt
1<?xml version="1.0" encoding="utf-8"?>
2<!--
3 ~ Licensed under the Apache License, Version 2.0 (the "License");
4 ~ you may not use this file except in compliance with the License.
5 ~ You may obtain a copy of the License at
6 ~
7 ~ http://www.apache.org/licenses/LICENSE-2.0
8 ~
9 ~ Unless required by applicable law or agreed to in writing, software
10 ~ distributed under the License is distributed on an "AS IS" BASIS,
11 ~ WITHOUT WARRANTIES OR CONDITIONS OF ANY KIND, either express or implied
12 ~ See the License for the specific language governing permissions and
13 ~ limitations under the License.
14-->
15<manifest xmlns:android="http://schemas.android.com/apk/res/android"
16    package="com.scandit.datacapture.searchandfindsample"
17    android:versionCode="1"
18    android:versionName="1.0" >
19
20    <uses-sdk
21        android:minSdkVersion="21"
21-->src/main/AndroidManifest.xml
22        android:targetSdkVersion="29" />
22-->src/main/AndroidManifest.xml
23
24    <uses-permission android:name="android.permission.INTERNET" />
24-->src/main/AndroidManifest.xml:18:5-66
24-->src/main/AndroidManifest.xml:18:22-64
25    <uses-permission android:name="android.permission.ACCESS_NETWORK_STATE" />
25-->[:ScanditCaptureCore:] AndroidManifest.xml:11:5-79
25-->[:ScanditCaptureCore:] AndroidManifest.xml:11:22-76
26    <uses-permission android:name="android.permission.CAMERA" />
26-->[:ScanditCaptureCore:] AndroidManifest.xml:13:5-65
26-->[:ScanditCaptureCore:] AndroidManifest.xml:13:22-62
27    <uses-permission android:name="android.permission.VIBRATE" />
27-->[:ScanditCaptureCore:] AndroidManifest.xml:14:5-66
27-->[:ScanditCaptureCore:] AndroidManifest.xml:14:22-63
28
29    <uses-feature android:glEsVersion="0x00020000" />
29-->[:ScanditCaptureCore:] AndroidManifest.xml:16:5-54
29-->[:ScanditCaptureCore:] AndroidManifest.xml:16:19-51
30
31    <application
31-->src/main/AndroidManifest.xml:20:5-37:19
32        android:allowBackup="true"
32-->src/main/AndroidManifest.xml:21:9-35
33        android:appComponentFactory="androidx.core.app.CoreComponentFactory"
33-->[androidx.core:core:1.1.0] AndroidManifest.xml:24:18-86
34        android:debuggable="true"
35        android:icon="@mipmap/ic_launcher"
35-->src/main/AndroidManifest.xml:22:9-43
36        android:label="@string/app_name"
36-->src/main/AndroidManifest.xml:23:9-41
37        android:supportsRtl="true"
37-->src/main/AndroidManifest.xml:24:9-35
38        android:theme="@style/AppTheme" >
38-->src/main/AndroidManifest.xml:25:9-40
39        <activity
39-->src/main/AndroidManifest.xml:27:9-36:20
40            android:name="com.scandit.datacapture.searchandfindsample.MainActivity"
40-->src/main/AndroidManifest.xml:28:13-41
41            android:configChanges="orientation|screenSize"
41-->src/main/AndroidManifest.xml:30:13-59
42            android:screenOrientation="fullUser" >
42-->src/main/AndroidManifest.xml:29:13-49
43            <intent-filter>
43-->src/main/AndroidManifest.xml:31:13-35:29
44                <action android:name="android.intent.action.MAIN" />
44-->src/main/AndroidManifest.xml:32:17-68
44-->src/main/AndroidManifest.xml:32:25-66
45
46                <category android:name="android.intent.category.LAUNCHER" />
46-->src/main/AndroidManifest.xml:34:17-76
46-->src/main/AndroidManifest.xml:34:27-74
47            </intent-filter>
48        </activity>
49
50        <provider
50-->[:ScanditCaptureCore:] AndroidManifest.xml:19:9-22:40
51            android:name="com.scandit.datacapture.core.internal.sdk.init.CoreLibraryLoaderContentProvider"
51-->[:ScanditCaptureCore:] AndroidManifest.xml:20:13-107
52            android:authorities="com.scandit.datacapture.searchandfindsample.corelibraryloadercontentprovider"
52-->[:ScanditCaptureCore:] AndroidManifest.xml:21:13-84
53            android:exported="false" />
53-->[:ScanditCaptureCore:] AndroidManifest.xml:22:13-37
54        <provider
54-->[:ScanditBarcodeCapture:] AndroidManifest.xml:17:9-20:40
55            android:name="com.scandit.datacapture.barcode.internal.sdk.init.BarcodeLibraryLoaderContentProvider"
55-->[:ScanditBarcodeCapture:] AndroidManifest.xml:18:13-113
56            android:authorities="com.scandit.datacapture.searchandfindsample.barcodelibraryloadercontentprovider"
56-->[:ScanditBarcodeCapture:] AndroidManifest.xml:19:13-87
57            android:exported="false" />
57-->[:ScanditBarcodeCapture:] AndroidManifest.xml:20:13-37
58        <provider
58-->[androidx.lifecycle:lifecycle-process:2.0.0] AndroidManifest.xml:23:9-27:43
59            android:name="androidx.lifecycle.ProcessLifecycleOwnerInitializer"
59-->[androidx.lifecycle:lifecycle-process:2.0.0] AndroidManifest.xml:24:13-79
60            android:authorities="com.scandit.datacapture.searchandfindsample.lifecycle-process"
60-->[androidx.lifecycle:lifecycle-process:2.0.0] AndroidManifest.xml:25:13-69
61            android:exported="false"
61-->[androidx.lifecycle:lifecycle-process:2.0.0] AndroidManifest.xml:26:13-37
62            android:multiprocess="true" />
62-->[androidx.lifecycle:lifecycle-process:2.0.0] AndroidManifest.xml:27:13-40
63    </application>
64
65</manifest>